{"C:\\Users\\Lenovo\\Documents\\ProjetosCin\\APS-Testes-automatizados\\src\\ScholarshipEligibilityEvaluator.js": {"path":"C:\\Users\\Lenovo\\Documents\\ProjetosCin\\APS-Testes-automatizados\\src\\ScholarshipEligibilityEvaluator.js","statementMap":{"0":{"start":{"line":2,"column":22},"end":{"line":2,"column":32}},"1":{"start":{"line":3,"column":22},"end":{"line":3,"column":32}},"2":{"start":{"line":4,"column":27},"end":{"line":4,"column":42}},"3":{"start":{"line":9,"column":8},"end":{"line":9,"column":29}},"4":{"start":{"line":10,"column":8},"end":{"line":10,"column":31}},"5":{"start":{"line":21,"column":4},"end":{"line":21,"column":40}},"6":{"start":{"line":23,"column":29},"end":{"line":23,"column":31}},"7":{"start":{"line":24,"column":26},"end":{"line":24,"column":28}},"8":{"start":{"line":27,"column":4},"end":{"line":31,"column":5}},"9":{"start":{"line":28,"column":8},"end":{"line":28,"column":76}},"10":{"start":{"line":29,"column":11},"end":{"line":31,"column":5}},"11":{"start":{"line":30,"column":8},"end":{"line":30,"column":80}},"12":{"start":{"line":34,"column":4},"end":{"line":38,"column":5}},"13":{"start":{"line":35,"column":8},"end":{"line":35,"column":68}},"14":{"start":{"line":36,"column":11},"end":{"line":38,"column":5}},"15":{"start":{"line":37,"column":8},"end":{"line":37,"column":65}},"16":{"start":{"line":41,"column":4},"end":{"line":45,"column":5}},"17":{"start":{"line":42,"column":8},"end":{"line":42,"column":80}},"18":{"start":{"line":43,"column":11},"end":{"line":45,"column":5}},"19":{"start":{"line":44,"column":8},"end":{"line":44,"column":77}},"20":{"start":{"line":48,"column":4},"end":{"line":50,"column":5}},"21":{"start":{"line":49,"column":8},"end":{"line":49,"column":75}},"22":{"start":{"line":53,"column":4},"end":{"line":55,"column":5}},"23":{"start":{"line":54,"column":8},"end":{"line":54,"column":70}},"24":{"start":{"line":58,"column":4},"end":{"line":60,"column":5}},"25":{"start":{"line":59,"column":8},"end":{"line":59,"column":71}},"26":{"start":{"line":62,"column":4},"end":{"line":64,"column":5}},"27":{"start":{"line":63,"column":8},"end":{"line":63,"column":73}},"28":{"start":{"line":66,"column":4},"end":{"line":69,"column":6}},"29":{"start":{"line":73,"column":4},"end":{"line":75,"column":5}},"30":{"start":{"line":74,"column":8},"end":{"line":74,"column":57}},"31":{"start":{"line":77,"column":4},"end":{"line":79,"column":5}},"32":{"start":{"line":78,"column":8},"end":{"line":78,"column":70}},"33":{"start":{"line":84,"column":0},"end":{"line":94,"column":1}},"34":{"start":{"line":85,"column":19},"end":{"line":91,"column":5}},"35":{"start":{"line":93,"column":4},"end":{"line":93,"column":24}},"36":{"start":{"line":98,"column":0},"end":{"line":102,"column":2}}},"fnMap":{"0":{"name":"(anonymous_0)","decl":{"start":{"line":8,"column":4},"end":{"line":8,"column":5}},"loc":{"start":{"line":8,"column":33},"end":{"line":11,"column":5}},"line":8},"1":{"name":"evaluateScholarship","decl":{"start":{"line":14,"column":9},"end":{"line":14,"column":28}},"loc":{"start":{"line":20,"column":2},"end":{"line":70,"column":1}},"line":20},"2":{"name":"validateInputs","decl":{"start":{"line":72,"column":9},"end":{"line":72,"column":23}},"loc":{"start":{"line":72,"column":45},"end":{"line":80,"column":1}},"line":72}},"branchMap":{"0":{"loc":{"start":{"line":27,"column":4},"end":{"line":31,"column":5}},"type":"if","locations":[{"start":{"line":27,"column":4},"end":{"line":31,"column":5}},{"start":{"line":29,"column":11},"end":{"line":31,"column":5}}],"line":27},"1":{"loc":{"start":{"line":29,"column":11},"end":{"line":31,"column":5}},"type":"if","locations":[{"start":{"line":29,"column":11},"end":{"line":31,"column":5}},{"start":{},"end":{}}],"line":29},"2":{"loc":{"start":{"line":34,"column":4},"end":{"line":38,"column":5}},"type":"if","locations":[{"start":{"line":34,"column":4},"end":{"line":38,"column":5}},{"start":{"line":36,"column":11},"end":{"line":38,"column":5}}],"line":34},"3":{"loc":{"start":{"line":36,"column":11},"end":{"line":38,"column":5}},"type":"if","locations":[{"start":{"line":36,"column":11},"end":{"line":38,"column":5}},{"start":{},"end":{}}],"line":36},"4":{"loc":{"start":{"line":41,"column":4},"end":{"line":45,"column":5}},"type":"if","locations":[{"start":{"line":41,"column":4},"end":{"line":45,"column":5}},{"start":{"line":43,"column":11},"end":{"line":45,"column":5}}],"line":41},"5":{"loc":{"start":{"line":43,"column":11},"end":{"line":45,"column":5}},"type":"if","locations":[{"start":{"line":43,"column":11},"end":{"line":45,"column":5}},{"start":{},"end":{}}],"line":43},"6":{"loc":{"start":{"line":48,"column":4},"end":{"line":50,"column":5}},"type":"if","locations":[{"start":{"line":48,"column":4},"end":{"line":50,"column":5}},{"start":{},"end":{}}],"line":48},"7":{"loc":{"start":{"line":53,"column":4},"end":{"line":55,"column":5}},"type":"if","locations":[{"start":{"line":53,"column":4},"end":{"line":55,"column":5}},{"start":{},"end":{}}],"line":53},"8":{"loc":{"start":{"line":58,"column":4},"end":{"line":60,"column":5}},"type":"if","locations":[{"start":{"line":58,"column":4},"end":{"line":60,"column":5}},{"start":{},"end":{}}],"line":58},"9":{"loc":{"start":{"line":62,"column":4},"end":{"line":64,"column":5}},"type":"if","locations":[{"start":{"line":62,"column":4},"end":{"line":64,"column":5}},{"start":{},"end":{}}],"line":62},"10":{"loc":{"start":{"line":73,"column":4},"end":{"line":75,"column":5}},"type":"if","locations":[{"start":{"line":73,"column":4},"end":{"line":75,"column":5}},{"start":{},"end":{}}],"line":73},"11":{"loc":{"start":{"line":73,"column":8},"end":{"line":73,"column":31}},"type":"binary-expr","locations":[{"start":{"line":73,"column":8},"end":{"line":73,"column":17}},{"start":{"line":73,"column":21},"end":{"line":73,"column":31}}],"line":73},"12":{"loc":{"start":{"line":77,"column":4},"end":{"line":79,"column":5}},"type":"if","locations":[{"start":{"line":77,"column":4},"end":{"line":79,"column":5}},{"start":{},"end":{}}],"line":77},"13":{"loc":{"start":{"line":77,"column":8},"end":{"line":77,"column":54}},"type":"binary-expr","locations":[{"start":{"line":77,"column":8},"end":{"line":77,"column":28}},{"start":{"line":77,"column":32},"end":{"line":77,"column":54}}],"line":77},"14":{"loc":{"start":{"line":84,"column":0},"end":{"line":94,"column":1}},"type":"if","locations":[{"start":{"line":84,"column":0},"end":{"line":94,"column":1}},{"start":{},"end":{}}],"line":84}},"s":{"0":1,"1":1,"2":1,"3":35,"4":35,"5":39,"6":35,"7":35,"8":35,"9":4,"10":31,"11":7,"12":35,"13":4,"14":31,"15":5,"16":35,"17":4,"18":31,"19":4,"20":35,"21":4,"22":35,"23":4,"24":35,"25":17,"26":18,"27":11,"28":7,"29":39,"30":2,"31":37,"32":2,"33":1,"34":0,"35":0,"36":1},"f":{"0":35,"1":39,"2":39},"b":{"0":[4,31],"1":[7,24],"2":[4,31],"3":[5,26],"4":[4,31],"5":[4,27],"6":[4,31],"7":[4,31],"8":[17,18],"9":[11,7],"10":[2,37],"11":[39,38],"12":[2,35],"13":[37,36],"14":[0,1]},"_coverageSchema":"1a1c01bbd47fc00a2c39e90264f33305004495a9","hash":"3e7dea61b776712e14c6e8cd4b385644182e8212"}
}
