TN:
SF:src\ScholarshipEligibilityEvaluator.js
FN:8,(anonymous_0)
FN:14,evaluateScholarship
FN:72,validateInputs
FNF:3
FNH:3
FNDA:35,(anonymous_0)
FNDA:39,evaluateScholarship
FNDA:39,validateInputs
DA:2,1
DA:3,1
DA:4,1
DA:9,35
DA:10,35
DA:21,39
DA:23,35
DA:24,35
DA:27,35
DA:28,4
DA:29,31
DA:30,7
DA:34,35
DA:35,4
DA:36,31
DA:37,5
DA:41,35
DA:42,4
DA:43,31
DA:44,4
DA:48,35
DA:49,4
DA:53,35
DA:54,4
DA:58,35
DA:59,17
DA:62,18
DA:63,11
DA:66,7
DA:73,39
DA:74,2
DA:77,37
DA:78,2
DA:84,1
DA:85,0
DA:93,0
DA:98,1
LF:37
LH:35
BRDA:27,0,0,4
BRDA:27,0,1,31
BRDA:29,1,0,7
BRDA:29,1,1,24
BRDA:34,2,0,4
BRDA:34,2,1,31
BRDA:36,3,0,5
BRDA:36,3,1,26
BRDA:41,4,0,4
BRDA:41,4,1,31
BRDA:43,5,0,4
BRDA:43,5,1,27
BRDA:48,6,0,4
BRDA:48,6,1,31
BRDA:53,7,0,4
BRDA:53,7,1,31
BRDA:58,8,0,17
BRDA:58,8,1,18
BRDA:62,9,0,11
BRDA:62,9,1,7
BRDA:73,10,0,2
BRDA:73,10,1,37
BRDA:73,11,0,39
BRDA:73,11,1,38
BRDA:77,12,0,2
BRDA:77,12,1,35
BRDA:77,13,0,37
BRDA:77,13,1,36
BRDA:84,14,0,0
BRDA:84,14,1,1
BRF:30
BRH:29
end_of_record
