TN:
SF:src\ScholarshipEligibilityEvaluator.js
FN:8,(anonymous_0)
FN:14,evaluateScholarship
FN:72,validateInputs
FNF:3
FNH:3
FNDA:30,(anonymous_0)
FNDA:35,evaluateScholarship
FNDA:35,validateInputs
DA:2,1
DA:3,1
DA:4,1
DA:9,30
DA:10,30
DA:21,35
DA:23,30
DA:24,30
DA:27,30
DA:28,3
DA:29,27
DA:30,5
DA:34,30
DA:35,4
DA:36,26
DA:37,3
DA:41,30
DA:42,3
DA:43,27
DA:44,2
DA:48,30
DA:49,4
DA:53,30
DA:54,4
DA:58,30
DA:59,15
DA:62,15
DA:63,8
DA:66,7
DA:73,35
DA:74,3
DA:77,32
DA:78,2
DA:84,1
DA:85,0
DA:93,0
DA:98,1
LF:37
LH:35
BRDA:27,0,0,3
BRDA:27,0,1,27
BRDA:29,1,0,5
BRDA:29,1,1,22
BRDA:34,2,0,4
BRDA:34,2,1,26
BRDA:36,3,0,3
BRDA:36,3,1,23
BRDA:41,4,0,3
BRDA:41,4,1,27
BRDA:43,5,0,2
BRDA:43,5,1,25
BRDA:48,6,0,4
BRDA:48,6,1,26
BRDA:53,7,0,4
BRDA:53,7,1,26
BRDA:58,8,0,15
BRDA:58,8,1,15
BRDA:62,9,0,8
BRDA:62,9,1,7
BRDA:73,10,0,3
BRDA:73,10,1,32
BRDA:73,11,0,35
BRDA:73,11,1,33
BRDA:77,12,0,2
BRDA:77,12,1,30
BRDA:77,13,0,32
BRDA:77,13,1,31
BRDA:84,14,0,0
BRDA:84,14,1,1
BRF:30
BRH:29
end_of_record
