<?xml version="1.0" encoding="UTF-8"?>
<coverage generated="1789177123647" clover="3.2.0">
  <project timestamp="1789177123647" name="All files">
    <metrics statements="37" coveredstatements="35" conditionals="30" coveredconditionals="29" methods="3" coveredmethods="3" elements="70" coveredelements="67" complexity="0" loc="37" ncloc="37" packages="1" files="1" classes="1"/>
    <file name="ScholarshipEligibilityEvaluator.js" path="C:\Users\Lenovo\Documents\ProjetosCin\APS-Testes-automatizados\src\ScholarshipEligibilityEvaluator.js">
      <metrics statements="37" coveredstatements="35" conditionals="30" coveredconditionals="29" methods="3" coveredmethods="3"/>
      <line num="2" count="1" type="stmt"/>
      <line num="3" count="1" type="stmt"/>
      <line num="4" count="1" type="stmt"/>
      <line num="9" count="35" type="stmt"/>
      <line num="10" count="35" type="stmt"/>
      <line num="21" count="39" type="stmt"/>
      <line num="23" count="35" type="stmt"/>
      <line num="24" count="35" type="stmt"/>
      <line num="27" count="35" type="cond" truecount="2" falsecount="0"/>
      <line num="28" count="4" type="stmt"/>
      <line num="29" count="31" type="cond" truecount="2" falsecount="0"/>
      <line num="30" count="7" type="stmt"/>
      <line num="34" count="35" type="cond" truecount="2" falsecount="0"/>
      <line num="35" count="4" type="stmt"/>
      <line num="36" count="31" type="cond" truecount="2" falsecount="0"/>
      <line num="37" count="5" type="stmt"/>
      <line num="41" count="35" type="cond" truecount="2" falsecount="0"/>
      <line num="42" count="4" type="stmt"/>
      <line num="43" count="31" type="cond" truecount="2" falsecount="0"/>
      <line num="44" count="4" type="stmt"/>
      <line num="48" count="35" type="cond" truecount="2" falsecount="0"/>
      <line num="49" count="4" type="stmt"/>
      <line num="53" count="35" type="cond" truecount="2" falsecount="0"/>
      <line num="54" count="4" type="stmt"/>
      <line num="58" count="35" type="cond" truecount="2" falsecount="0"/>
      <line num="59" count="17" type="stmt"/>
      <line num="62" count="18" type="cond" truecount="2" falsecount="0"/>
      <line num="63" count="11" type="stmt"/>
      <line num="66" count="7" type="stmt"/>
      <line num="73" count="39" type="cond" truecount="4" falsecount="0"/>
      <line num="74" count="2" type="stmt"/>
      <line num="77" count="37" type="cond" truecount="4" falsecount="0"/>
      <line num="78" count="2" type="stmt"/>
      <line num="84" count="1" type="cond" truecount="1" falsecount="1"/>
      <line num="85" count="0" type="stmt"/>
      <line num="93" count="0" type="stmt"/>
      <line num="98" count="1" type="stmt"/>
    </file>
  </project>
</coverage>
